===== IAM Setup Log - Thu May  8 16:46:21 UTC 2025 =====
Processing user: dtariq
Group 'marketing' already exists.
User 'dtariq' already exists. Skipping creation.
-----
Processing user: kghost
Group 'sales' already exists.
User 'kghost' already exists. Skipping creation.
-----
Processing user: ttommy
Group 'product' already exists.
User 'ttommy' already exists. Skipping creation.
-----
Processing user: jdmuhirwa
Group 'engineering' already exists.
User 'jdmuhirwa' created with group 'engineering'.
Temporary password set for 'jdmuhirwa'.
Password reset on next login enforced for 'jdmuhirwa'.
Set permissions for /home/jdmuhirwa to 700.
Notification email sent to jdmuhirwa@localhost.
-----
IAM setup completed at Thu May  8 16:46:22 UTC 2025.
